<?xml version="1.0" encoding="UTF-8"?>
<coverage generated="1727382135570" clover="3.2.0">
  <project timestamp="1727382135570" name="All files">
    <metrics statements="55" coveredstatements="53" conditionals="14" coveredconditionals="13" methods="14" coveredmethods="13" elements="83" coveredelements="79" complexity="0" loc="55" ncloc="55" packages="3" files="3" classes="3"/>
    <package name="lIbrary-management-system">
      <metrics statements="13" coveredstatements="11" conditionals="2" coveredconditionals="1" methods="1" coveredmethods="0"/>
      <file name="app.js" path="/Users/atharvakhodke/My Projects/lIbrary-management-system/app.js">
        <metrics statements="13" coveredstatements="11" conditionals="2" coveredconditionals="1" methods="1" coveredmethods="0"/>
        <line num="1" count="2" type="stmt"/>
        <line num="2" count="2" type="stmt"/>
        <line num="4" count="2" type="stmt"/>
        <line num="10" count="2" type="stmt"/>
        <line num="12" count="2" type="stmt"/>
        <line num="13" count="2" type="stmt"/>
        <line num="14" count="2" type="stmt"/>
        <line num="15" count="2" type="stmt"/>
        <line num="16" count="2" type="stmt"/>
        <line num="19" count="2" type="cond" truecount="1" falsecount="1"/>
        <line num="20" count="0" type="stmt"/>
        <line num="21" count="0" type="stmt"/>
        <line num="24" count="2" type="stmt"/>
      </file>
    </package>
    <package name="lIbrary-management-system.src.Controller">
      <metrics statements="25" coveredstatements="25" conditionals="6" coveredconditionals="6" methods="4" coveredmethods="4"/>
      <file name="LibraryController.js" path="/Users/atharvakhodke/My Projects/lIbrary-management-system/src/Controller/LibraryController.js">
        <metrics statements="25" coveredstatements="25" conditionals="6" coveredconditionals="6" methods="4" coveredmethods="4"/>
        <line num="1" count="2" type="stmt"/>
        <line num="3" count="2" type="stmt"/>
        <line num="5" count="2" type="stmt"/>
        <line num="6" count="4" type="stmt"/>
        <line num="8" count="4" type="cond" truecount="6" falsecount="0"/>
        <line num="9" count="2" type="stmt"/>
        <line num="11" count="2" type="stmt"/>
        <line num="12" count="2" type="stmt"/>
        <line num="13" count="2" type="stmt"/>
        <line num="16" count="2" type="stmt"/>
        <line num="17" count="6" type="stmt"/>
        <line num="18" count="6" type="stmt"/>
        <line num="19" count="6" type="stmt"/>
        <line num="20" count="2" type="stmt"/>
        <line num="22" count="4" type="stmt"/>
        <line num="26" count="2" type="stmt"/>
        <line num="27" count="4" type="stmt"/>
        <line num="28" count="4" type="stmt"/>
        <line num="29" count="4" type="stmt"/>
        <line num="30" count="2" type="stmt"/>
        <line num="32" count="2" type="stmt"/>
        <line num="36" count="2" type="stmt"/>
        <line num="37" count="2" type="stmt"/>
        <line num="38" count="2" type="stmt"/>
        <line num="41" count="2" type="stmt"/>
      </file>
    </package>
    <package name="lIbrary-management-system.src.Model">
      <metrics statements="17" coveredstatements="17" conditionals="6" coveredconditionals="6" methods="9" coveredmethods="9"/>
      <file name="bookModel.js" path="/Users/atharvakhodke/My Projects/lIbrary-management-system/src/Model/bookModel.js">
        <metrics statements="17" coveredstatements="17" conditionals="6" coveredconditionals="6" methods="9" coveredmethods="9"/>
        <line num="3" count="20" type="stmt"/>
        <line num="4" count="20" type="stmt"/>
        <line num="5" count="20" type="stmt"/>
        <line num="6" count="20" type="stmt"/>
        <line num="7" count="20" type="stmt"/>
        <line num="13" count="20" type="stmt"/>
        <line num="18" count="18" type="stmt"/>
        <line num="23" count="18" type="cond" truecount="2" falsecount="0"/>
        <line num="24" count="18" type="cond" truecount="2" falsecount="0"/>
        <line num="25" count="8" type="stmt"/>
        <line num="27" count="10" type="stmt"/>
        <line num="32" count="8" type="stmt"/>
        <line num="33" count="8" type="cond" truecount="2" falsecount="0"/>
        <line num="34" count="4" type="stmt"/>
        <line num="36" count="4" type="stmt"/>
        <line num="41" count="6" type="stmt"/>
        <line num="45" count="4" type="stmt"/>
      </file>
    </package>
  </project>
</coverage>
