{"/Users/atharvakhodke/My Projects/lIbrary-management-system/app.js": {"path":"/Users/atharvakhodke/My Projects/lIbrary-management-system/app.js","statementMap":{"0":{"start":{"line":1,"column":16},"end":{"line":1,"column":34}},"1":{"start":{"line":2,"column":19},"end":{"line":2,"column":41}},"2":{"start":{"line":4,"column":12},"end":{"line":4,"column":21}},"3":{"start":{"line":10,"column":6},"end":{"line":10,"column":51}},"4":{"start":{"line":12,"column":0},"end":{"line":12,"column":27}},"5":{"start":{"line":13,"column":0},"end":{"line":13,"column":28}},"6":{"start":{"line":14,"column":0},"end":{"line":14,"column":43}},"7":{"start":{"line":15,"column":0},"end":{"line":15,"column":43}},"8":{"start":{"line":16,"column":0},"end":{"line":16,"column":38}},"9":{"start":{"line":19,"column":0},"end":{"line":23,"column":3}},"10":{"start":{"line":20,"column":4},"end":{"line":22,"column":7}},"11":{"start":{"line":21,"column":6},"end":{"line":21,"column":39}},"12":{"start":{"line":24,"column":0},"end":{"line":24,"column":21}}},"fnMap":{"0":{"name":"(anonymous_0)","decl":{"start":{"line":20,"column":21},"end":{"line":20,"column":22}},"loc":{"start":{"line":20,"column":27},"end":{"line":22,"column":5}},"line":20}},"branchMap":{"0":{"loc":{"start":{"line":19,"column":0},"end":{"line":23,"column":3}},"type":"if","locations":[{"start":{"line":19,"column":0},"end":{"line":23,"column":3}},{"start":{},"end":{}}],"line":19}},"s":{"0":2,"1":2,"2":2,"3":2,"4":2,"5":2,"6":2,"7":2,"8":2,"9":2,"10":0,"11":0,"12":2},"f":{"0":0},"b":{"0":[0,2]},"_coverageSchema":"1a1c01bbd47fc00a2c39e90264f33305004495a9","hash":"f8dd6984e9413b283c41c2861246b74a57607d04"}
,"/Users/atharvakhodke/My Projects/lIbrary-management-system/src/Controller/LibraryController.js": {"path":"/Users/atharvakhodke/My Projects/lIbrary-management-system/src/Controller/LibraryController.js","statementMap":{"0":{"start":{"line":1,"column":26},"end":{"line":1,"column":55}},"1":{"start":{"line":3,"column":16},"end":{"line":3,"column":29}},"2":{"start":{"line":5,"column":16},"end":{"line":14,"column":1}},"3":{"start":{"line":6,"column":40},"end":{"line":6,"column":48}},"4":{"start":{"line":8,"column":2},"end":{"line":10,"column":3}},"5":{"start":{"line":9,"column":4},"end":{"line":9,"column":73}},"6":{"start":{"line":11,"column":15},"end":{"line":11,"column":50}},"7":{"start":{"line":12,"column":2},"end":{"line":12,"column":24}},"8":{"start":{"line":13,"column":2},"end":{"line":13,"column":63}},"9":{"start":{"line":16,"column":19},"end":{"line":24,"column":1}},"10":{"start":{"line":17,"column":19},"end":{"line":17,"column":29}},"11":{"start":{"line":18,"column":2},"end":{"line":23,"column":3}},"12":{"start":{"line":19,"column":4},"end":{"line":19,"column":29}},"13":{"start":{"line":20,"column":4},"end":{"line":20,"column":56}},"14":{"start":{"line":22,"column":4},"end":{"line":22,"column":51}},"15":{"start":{"line":26,"column":19},"end":{"line":34,"column":1}},"16":{"start":{"line":27,"column":19},"end":{"line":27,"column":29}},"17":{"start":{"line":28,"column":2},"end":{"line":33,"column":3}},"18":{"start":{"line":29,"column":4},"end":{"line":29,"column":29}},"19":{"start":{"line":30,"column":4},"end":{"line":30,"column":56}},"20":{"start":{"line":32,"column":4},"end":{"line":32,"column":51}},"21":{"start":{"line":36,"column":27},"end":{"line":39,"column":1}},"22":{"start":{"line":37,"column":25},"end":{"line":37,"column":53}},"23":{"start":{"line":38,"column":2},"end":{"line":38,"column":27}},"24":{"start":{"line":41,"column":0},"end":{"line":41,"column":73}}},"fnMap":{"0":{"name":"(anonymous_0)","decl":{"start":{"line":5,"column":16},"end":{"line":5,"column":17}},"loc":{"start":{"line":5,"column":30},"end":{"line":14,"column":1}},"line":5},"1":{"name":"(anonymous_1)","decl":{"start":{"line":16,"column":19},"end":{"line":16,"column":20}},"loc":{"start":{"line":16,"column":33},"end":{"line":24,"column":1}},"line":16},"2":{"name":"(anonymous_2)","decl":{"start":{"line":26,"column":19},"end":{"line":26,"column":20}},"loc":{"start":{"line":26,"column":33},"end":{"line":34,"column":1}},"line":26},"3":{"name":"(anonymous_3)","decl":{"start":{"line":36,"column":27},"end":{"line":36,"column":28}},"loc":{"start":{"line":36,"column":41},"end":{"line":39,"column":1}},"line":36}},"branchMap":{"0":{"loc":{"start":{"line":8,"column":2},"end":{"line":10,"column":3}},"type":"if","locations":[{"start":{"line":8,"column":2},"end":{"line":10,"column":3}},{"start":{},"end":{}}],"line":8},"1":{"loc":{"start":{"line":8,"column":6},"end":{"line":8,"column":41}},"type":"binary-expr","locations":[{"start":{"line":8,"column":6},"end":{"line":8,"column":11}},{"start":{"line":8,"column":15},"end":{"line":8,"column":21}},{"start":{"line":8,"column":25},"end":{"line":8,"column":32}},{"start":{"line":8,"column":36},"end":{"line":8,"column":41}}],"line":8}},"s":{"0":2,"1":2,"2":2,"3":4,"4":4,"5":2,"6":2,"7":2,"8":2,"9":2,"10":6,"11":6,"12":6,"13":2,"14":4,"15":2,"16":4,"17":4,"18":4,"19":2,"20":2,"21":2,"22":2,"23":2,"24":2},"f":{"0":4,"1":6,"2":4,"3":2},"b":{"0":[2,2],"1":[4,2,2,2]},"_coverageSchema":"1a1c01bbd47fc00a2c39e90264f33305004495a9","hash":"e018d7a47c5d688d4df7cec33af2939d566d2caf"}
,"/Users/atharvakhodke/My Projects/lIbrary-management-system/src/Model/bookModel.js": {"path":"/Users/atharvakhodke/My Projects/lIbrary-management-system/src/Model/bookModel.js","statementMap":{"0":{"start":{"line":3,"column":6},"end":{"line":3,"column":23}},"1":{"start":{"line":4,"column":6},"end":{"line":4,"column":25}},"2":{"start":{"line":5,"column":6},"end":{"line":5,"column":27}},"3":{"start":{"line":6,"column":6},"end":{"line":6,"column":23}},"4":{"start":{"line":7,"column":6},"end":{"line":7,"column":30}},"5":{"start":{"line":13,"column":6},"end":{"line":13,"column":22}},"6":{"start":{"line":18,"column":6},"end":{"line":18,"column":28}},"7":{"start":{"line":23,"column":19},"end":{"line":23,"column":75}},"8":{"start":{"line":23,"column":42},"end":{"line":23,"column":74}},"9":{"start":{"line":24,"column":6},"end":{"line":26,"column":7}},"10":{"start":{"line":25,"column":8},"end":{"line":25,"column":46}},"11":{"start":{"line":27,"column":6},"end":{"line":27,"column":31}},"12":{"start":{"line":32,"column":19},"end":{"line":32,"column":58}},"13":{"start":{"line":32,"column":42},"end":{"line":32,"column":57}},"14":{"start":{"line":33,"column":6},"end":{"line":35,"column":7}},"15":{"start":{"line":34,"column":8},"end":{"line":34,"column":42}},"16":{"start":{"line":36,"column":6},"end":{"line":36,"column":30}},"17":{"start":{"line":41,"column":6},"end":{"line":41,"column":53}},"18":{"start":{"line":41,"column":38},"end":{"line":41,"column":51}},"19":{"start":{"line":45,"column":2},"end":{"line":45,"column":37}}},"fnMap":{"0":{"name":"(anonymous_0)","decl":{"start":{"line":2,"column":4},"end":{"line":2,"column":5}},"loc":{"start":{"line":2,"column":43},"end":{"line":8,"column":5}},"line":2},"1":{"name":"(anonymous_1)","decl":{"start":{"line":12,"column":4},"end":{"line":12,"column":5}},"loc":{"start":{"line":12,"column":18},"end":{"line":14,"column":5}},"line":12},"2":{"name":"(anonymous_2)","decl":{"start":{"line":17,"column":4},"end":{"line":17,"column":5}},"loc":{"start":{"line":17,"column":18},"end":{"line":19,"column":5}},"line":17},"3":{"name":"(anonymous_3)","decl":{"start":{"line":22,"column":4},"end":{"line":22,"column":5}},"loc":{"start":{"line":22,"column":21},"end":{"line":28,"column":5}},"line":22},"4":{"name":"(anonymous_4)","decl":{"start":{"line":23,"column":35},"end":{"line":23,"column":36}},"loc":{"start":{"line":23,"column":42},"end":{"line":23,"column":74}},"line":23},"5":{"name":"(anonymous_5)","decl":{"start":{"line":31,"column":4},"end":{"line":31,"column":5}},"loc":{"start":{"line":31,"column":21},"end":{"line":37,"column":5}},"line":31},"6":{"name":"(anonymous_6)","decl":{"start":{"line":32,"column":35},"end":{"line":32,"column":36}},"loc":{"start":{"line":32,"column":42},"end":{"line":32,"column":57}},"line":32},"7":{"name":"(anonymous_7)","decl":{"start":{"line":40,"column":4},"end":{"line":40,"column":5}},"loc":{"start":{"line":40,"column":25},"end":{"line":42,"column":5}},"line":40},"8":{"name":"(anonymous_8)","decl":{"start":{"line":41,"column":31},"end":{"line":41,"column":32}},"loc":{"start":{"line":41,"column":38},"end":{"line":41,"column":51}},"line":41}},"branchMap":{"0":{"loc":{"start":{"line":23,"column":42},"end":{"line":23,"column":74}},"type":"binary-expr","locations":[{"start":{"line":23,"column":42},"end":{"line":23,"column":57}},{"start":{"line":23,"column":61},"end":{"line":23,"column":74}}],"line":23},"1":{"loc":{"start":{"line":24,"column":6},"end":{"line":26,"column":7}},"type":"if","locations":[{"start":{"line":24,"column":6},"end":{"line":26,"column":7}},{"start":{},"end":{}}],"line":24},"2":{"loc":{"start":{"line":33,"column":6},"end":{"line":35,"column":7}},"type":"if","locations":[{"start":{"line":33,"column":6},"end":{"line":35,"column":7}},{"start":{},"end":{}}],"line":33}},"s":{"0":20,"1":20,"2":20,"3":20,"4":20,"5":20,"6":18,"7":18,"8":16,"9":18,"10":8,"11":10,"12":8,"13":6,"14":8,"15":4,"16":4,"17":6,"18":6,"19":4},"f":{"0":20,"1":20,"2":18,"3":18,"4":16,"5":8,"6":6,"7":6,"8":6},"b":{"0":[16,12],"1":[8,10],"2":[4,4]},"_coverageSchema":"1a1c01bbd47fc00a2c39e90264f33305004495a9","hash":"c497969aa6d4b989263d60360f95b447c52b9bb7"}
}
