TN:
SF:app.js
FN:20,(anonymous_0)
FNF:1
FNH:0
FNDA:0,(anonymous_0)
DA:1,2
DA:2,2
DA:4,2
DA:10,2
DA:12,2
DA:13,2
DA:14,2
DA:15,2
DA:16,2
DA:19,2
DA:20,0
DA:21,0
DA:24,2
LF:13
LH:11
BRDA:19,0,0,0
BRDA:19,0,1,2
BRF:2
BRH:1
end_of_record
TN:
SF:src/Controller/LibraryController.js
FN:5,(anonymous_0)
FN:16,(anonymous_1)
FN:26,(anonymous_2)
FN:36,(anonymous_3)
FNF:4
FNH:4
FNDA:4,(anonymous_0)
FNDA:6,(anonymous_1)
FNDA:4,(anonymous_2)
FNDA:2,(anonymous_3)
DA:1,2
DA:3,2
DA:5,2
DA:6,4
DA:8,4
DA:9,2
DA:11,2
DA:12,2
DA:13,2
DA:16,2
DA:17,6
DA:18,6
DA:19,6
DA:20,2
DA:22,4
DA:26,2
DA:27,4
DA:28,4
DA:29,4
DA:30,2
DA:32,2
DA:36,2
DA:37,2
DA:38,2
DA:41,2
LF:25
LH:25
BRDA:8,0,0,2
BRDA:8,0,1,2
BRDA:8,1,0,4
BRDA:8,1,1,2
BRDA:8,1,2,2
BRDA:8,1,3,2
BRF:6
BRH:6
end_of_record
TN:
SF:src/Model/bookModel.js
FN:2,(anonymous_0)
FN:12,(anonymous_1)
FN:17,(anonymous_2)
FN:22,(anonymous_3)
FN:23,(anonymous_4)
FN:31,(anonymous_5)
FN:32,(anonymous_6)
FN:40,(anonymous_7)
FN:41,(anonymous_8)
FNF:9
FNH:9
FNDA:20,(anonymous_0)
FNDA:20,(anonymous_1)
FNDA:18,(anonymous_2)
FNDA:18,(anonymous_3)
FNDA:16,(anonymous_4)
FNDA:8,(anonymous_5)
FNDA:6,(anonymous_6)
FNDA:6,(anonymous_7)
FNDA:6,(anonymous_8)
DA:3,20
DA:4,20
DA:5,20
DA:6,20
DA:7,20
DA:13,20
DA:18,18
DA:23,18
DA:24,18
DA:25,8
DA:27,10
DA:32,8
DA:33,8
DA:34,4
DA:36,4
DA:41,6
DA:45,4
LF:17
LH:17
BRDA:23,0,0,16
BRDA:23,0,1,12
BRDA:24,1,0,8
BRDA:24,1,1,10
BRDA:33,2,0,4
BRDA:33,2,1,4
BRF:6
BRH:6
end_of_record
